<?xml version="1.0" encoding="UTF-8"?>
<!-- Generated by org.testng.reporters.JUnitXMLReporter -->
<testsuite hostname="martinwang-PC" name="Default test" tests="4" failures="0" timestamp="12 Apr 2016 06:34:58 GMT" time="8.98" errors="0">
  <testcase name="test" time="4.723" classname="com.controller.TestDriverTestNG"/>
  <testcase name="test" time="1.211" classname="com.controller.TestDriverTestNG"/>
  <testcase name="test" time="0.905" classname="com.controller.TestDriverTestNG"/>
  <testcase name="test" time="1.5" classname="com.controller.TestDriverTestNG"/>
</testsuite> <!-- Default test -->
