<?xml version="1.0" encoding="UTF-8"?>
<testng-results skipped="0" failed="0" total="1" passed="1">
  <reporter-output>
  </reporter-output>
  <suite name="Default suite" duration-ms="32460" started-at="2016-04-12T09:13:14Z" finished-at="2016-04-12T09:13:47Z">
    <groups>
    </groups>
    <test name="Default test" duration-ms="32460" started-at="2016-04-12T09:13:14Z" finished-at="2016-04-12T09:13:47Z">
      <class name="com.controller.TestDriverTestNG">
        <test-method status="PASS" signature="beforeClass()[pri:0, instance:com.controller.TestDriverTestNG@50378a4]" name="beforeClass" is-config="true" duration-ms="7" started-at="2016-04-12T17:13:14Z" finished-at="2016-04-12T17:13:14Z">
          <reporter-output>
          </reporter-output>
        </test-method> <!-- beforeClass -->
        <test-method status="PASS" signature="test(com.abstractclasses.TestObject)[pri:0, instance:com.controller.TestDriverTestNG@50378a4]" name="test" duration-ms="31487" started-at="2016-04-12T17:13:15Z" data-provider="param" finished-at="2016-04-12T17:13:46Z">
          <params>
            <param index="0">
              <value>
                <![CDATA[PersonalLoan_runCheckProducts_5]]>
              </value>
            </param>
          </params>
          <reporter-output>
          </reporter-output>
        </test-method> <!-- test -->
        <test-method status="PASS" signature="afterClass()[pri:0, instance:com.controller.TestDriverTestNG@50378a4]" name="afterClass" is-config="true" duration-ms="703" started-at="2016-04-12T17:13:46Z" finished-at="2016-04-12T17:13:47Z">
          <reporter-output>
          </reporter-output>
        </test-method> <!-- afterClass -->
      </class> <!-- com.controller.TestDriverTestNG -->
    </test> <!-- Default test -->
  </suite> <!-- Default suite -->
</testng-results>
